TXN:CREDIT | AMT:1,250.50 | ID:AB123
TXN:DEPOSIT | AMT:12,345.67 | ID:DEP12345 | TXN:DEBIT  | AMT:500 | ID:XY789
noise line with no structure
TXN CREDIT AMT 123 ID 999
Txn:Credit | Amt:50 | Id:abc999
TXN:PAYMENT|AMT:10,000|ID:Z9Z9Z9
    TXN:REFUND |   AMT:75.25   |   ID:QW12ER 
TXN:TRANSFER|AMT:1,005.0|ID:K1L2M3
random text TXN:DEBIT|AMT:100|ID:OK123 more random
TXN:REVERSAL|AMT:0.99|ID:A1B2C3
TXN:CHARGEBACK|AMT:2,345|ID:CB777
totally invalid TXN:x|AMT:1|ID:__

TXN:CREDIT | AMT:750.00 | ID:CD456
TXN:DEBIT | AMT:1,999.99 | ID:EF789
random log entry with no relevant data
TXN FEE AMT 25 ID FEE001
Txn:Debit | Amt:32.10 | Id:def456
TXN:PAYMENT|AMT:5,550|ID:A1A1A1
 TXN:REFUND | AMT:150.50 | ID:RT34TY 
TXN:TRANSFER|AMT:2,080.0|ID:M4N5O6
Error processing TXN:DEBIT|AMT:55|ID:ER555 found here
TXN:REVERSAL|AMT:1.01|ID:B3C4D5
TXN:CHARGEBACK|AMT:1,678|ID:CB888
invalid format TXN:Z|AMT:999|ID:XX1
TXN:DEPOSIT | AMT:8,000.00 | ID:DEP88899
TXN:CREDIT | AMT:225.75 | ID:GH101
TXN:DEBIT | AMT:430 | ID:IJ112
--- start of batch ---
CREDIT TXN AMT 1000 ID IJK121
Txn:Payment | Amt:275.25 | Id:pay007
TXN:PAYMENT|AMT:12,300|ID:Z0Z0Z0
TXN:REFUND | AMT:89.99 | ID:ER45DF
TXN:TRANSFER|AMT:505.5|ID:P7Q8R9
User initiated TXN:DEBIT|AMT:200|ID:USR999 session end
TXN:REVERSAL|AMT:0.50|ID:C6D7E8
TXN:CHARGEBACK|AMT:4,321|ID:CB123
gibberish TXN:|AMT:1|ID:
TXN:DEPOSIT | AMT:15,550.25 | ID:DEP2024
TXN:CREDIT | AMT:1,100.00 | ID:KL131
TXN:DEBIT | AMT:25.50 | ID:MN141
[INFO] System heartbeat
TXN HOLD AMT 150 ID HLD515
Txn:Transfer | Amt:6,543.21 | Id:xfer123
TXN:PAYMENT|AMT:750|ID:B7B7B7
 TXN:REFUND | AMT:11.11 | ID:AS12DF 
TXN:TRANSFER|AMT:3,333.0|ID:S1T2U3
Pending: TXN:CREDIT|AMT:99|ID:PND456 approved
TXN:REVERSAL|AMT:2.25|ID:E9F0G1
TXN:CHARGEBACK|AMT:850|ID:CB456
TXN:VOID|AMT:0|ID:VOID00
TXN:DEPOSIT | AMT:22,021.11 | ID:DEP753
TXN:CREDIT | AMT:87.25 | ID:OP151
TXN:DEBIT | AMT:1,650.00 | ID:QR161
TXN:FEE | AMT:5.00 | ID:FEE202
System maintenance in progress
TXN WITHDRAWAL AMT 300 ID WDL789
Txn:Deposit | Amt:1,234.00 | Id:dep456
TXN:PAYMENT|AMT:9,999|ID:C3C3C3
  TXN:REFUND | AMT:42.42 | ID:GH45JK  
TXN:TRANSFER|AMT:7,777.7|ID:V2W3X4
Failed auth TXN:CREDIT|AMT:250|ID:FAIL01 retry
TXN:REVERSAL|AMT:5.75|ID:F2G3H4
TXN:CHARGEBACK|AMT:1,250|ID:CB999
TXN:ADJUSTMENT|AMT:-15.00|ID:ADJ001
TXN:DEPOSIT | AMT:18,888.88 | ID:DEP963
TXN:CREDIT | AMT:335.80 | ID:ST171
TXN:DEBIT | AMT:75.00 | ID:UV181
2024-07-29 14:30:00 UTC
TXN INTEREST AMT 12.34 ID INT852
Txn:Chargeback | Amt:550.75 | Id:cb741
TXN:PAYMENT|AMT:3,250|ID:D5D5D5
TXN:REFUND | AMT:22.75 | ID:KL78MN
TXN:TRANSFER|AMT:1,250.0|ID:Y5Z6A7
Debug: TXN:DEBIT|AMT:10|ID:DBG123 mode
TXN:REVERSAL|AMT:3.33|ID:H5I6J7
TXN:CHARGEBACK|AMT:3,000|ID:CB555
malformed TXN:CREDITAMT100ID:BAD1
TXN:DEPOSIT | AMT:33,333.33 | ID:DEP159
TXN:CREDIT | AMT:425.00 | ID:WX191
TXN:DEBIT | AMT:2,225.50 | ID:YZ201
Authentication successful